#
# A fatal error has been detected by the Java Runtime Environment:
#
#  EXCEPTION_ACCESS_VIOLATION (0xc0000005) at pc=0x6da765ee, pid=8608, tid=0x0000016c
#
# JRE version: Java(TM) SE Runtime Environment (8.0_144-b01) (build 1.8.0_144-b01)
# Java VM: Java HotSpot(TM) Client VM (25.144-b01 mixed mode windows-x86 )
# Problematic frame:
# V  [jvm.dll+0xe65ee]
#
# Failed to write core dump. Minidumps are not enabled by default on client versions of Windows
#
# If you would like to submit a bug report, please visit:
#   http://bugreport.java.com/bugreport/crash.jsp
#

---------------  T H R E A D  ---------------

Current thread (0x27a72400):  JavaThread "EventThread COM4" [_thread_in_vm, id=364, stack(0x26c60000,0x26cb0000)]

siginfo: ExceptionCode=0xc0000005, reading address 0x00000000

Registers:
EAX=0x00000000, EBX=0x0108dcd0, ECX=0x27a72400, EDX=0x0000009f
ESP=0x26cab4ec, EBP=0x26cab508, ESI=0x00000000, EDI=0x27a72400
EIP=0x6da765ee, EFLAGS=0x00010246

Top of Stack: (sp=0x26cab4ec)
0x26cab4ec:   26cab524 27a72540 0108dcd0 27a72400
0x26cab4fc:   279b8fac 0000009f 6dc720b8 26caf568
0x26cab50c:   6400183d 27a72540 00000000 00000000
0x26cab51c:   00004000 26cab524 3132330a 32330a0d
0x26cab52c:   330a0d31 0a0d3132 0d313233 3132330a
0x26cab53c:   32330a0d 330a0d31 0a0d3132 0d313233
0x26cab54c:   3132330a 32330a0d 330a0d31 0a0d3132
0x26cab55c:   0d313233 3132330a 32330a0d 330a0d31 

Instructions: (pc=0x6da765ee)
0x6da765ce:   c4 08 83 7f 04 00 89 7d f0 c7 45 f4 00 00 00 00
0x6da765de:   74 08 8d 4d f0 e8 28 1c 0c 00 8b 75 10 8b 45 0c
0x6da765ee:   8b 10 85 f6 78 32 8b 45 14 85 c0 78 2b 8d 0c 06
0x6da765fe:   3b 4a 08 77 23 85 c0 7e 3b 8b 4a 04 8b 49 04 83 


Register to memory mapping:

EAX=0x00000000 is an unknown value
EBX=0x0108dcd0 is an unknown value
ECX=0x27a72400 is a thread
EDX=0x0000009f is an unknown value
ESP=0x26cab4ec is pointing into the stack for thread: 0x27a72400
EBP=0x26cab508 is pointing into the stack for thread: 0x27a72400
ESI=0x00000000 is an unknown value
EDI=0x27a72400 is a thread


Stack: [0x26c60000,0x26cb0000],  sp=0x26cab4ec,  free space=301k
Native frames: (J=compiled Java code, j=interpreted, Vv=VM code, C=native code)
V  [jvm.dll+0xe65ee]
C  [jSSC-2.8_x86.dll+0x183d]
J 3389  jssc.SerialNativeInterface.readBytes(JI)[B (0 bytes) @ 0x02dca4a5 [0x02dca410+0x95]
J 3030 C1 processing.app.Serial.serialEvent(Ljssc/SerialPortEvent;)V (195 bytes) @ 0x02de06b4 [0x02de0580+0x134]
J 3111 C1 jssc.SerialPort$EventThread.run()V (84 bytes) @ 0x02e75d98 [0x02e75c30+0x168]
v  ~StubRoutines::call_stub
V  [jvm.dll+0x15af45]
V  [jvm.dll+0x2213ae]
V  [jvm.dll+0x15afde]
V  [jvm.dll+0x15b166]
V  [jvm.dll+0x15b1d7]
V  [jvm.dll+0xff36f]
V  [jvm.dll+0x17dc30]
V  [jvm.dll+0x17e4aa]
V  [jvm.dll+0x1c2ec6]
C  [msvcr100.dll+0x5c556]
C  [msvcr100.dll+0x5c600]
C  [KERNEL32.DLL+0x162c4]
C  [ntdll.dll+0x60f79]
C  [ntdll.dll+0x60f44]
C  0x00000000

Java frames: (J=compiled Java code, j=interpreted, Vv=VM code)
J 3389  jssc.SerialNativeInterface.readBytes(JI)[B (0 bytes) @ 0x02dca461 [0x02dca410+0x51]
J 3030 C1 processing.app.Serial.serialEvent(Ljssc/SerialPortEvent;)V (195 bytes) @ 0x02de06b4 [0x02de0580+0x134]
J 3111 C1 jssc.SerialPort$EventThread.run()V (84 bytes) @ 0x02e75d98 [0x02e75c30+0x168]
v  ~StubRoutines::call_stub

---------------  P R O C E S S  ---------------

Java Threads: ( => current thread )
  0x2a049800 JavaThread "Thread-99" [_thread_blocked, id=1520, stack(0x26cf0000,0x26d40000)]
=>0x27a72400 JavaThread "EventThread COM4" [_thread_in_vm, id=364, stack(0x26c60000,0x26cb0000)]
  0x27a72c00 JavaThread "DestroyJavaVM" [_thread_blocked, id=11384, stack(0x027f0000,0x02840000)]
  0x27a71800 JavaThread "TimerQueue" daemon [_thread_blocked, id=7620, stack(0x01000000,0x01050000)]
  0x27a6f000 JavaThread "AWT-EventQueue-0" [_thread_blocked, id=9968, stack(0x29970000,0x299c0000)]
  0x27a70c00 JavaThread "AWT-Shutdown" [_thread_blocked, id=9628, stack(0x298e0000,0x29930000)]
  0x27a6e400 JavaThread "Batik CleanerThread" daemon [_thread_blocked, id=6976, stack(0x295c0000,0x29610000)]
  0x27a74400 JavaThread "Timer-0" [_thread_blocked, id=7160, stack(0x291b0000,0x29200000)]
  0x27a70000 JavaThread "JmDNS(fe80-0-0-0-798e-36a3-94e3-bcdc-wlan0.local.).State.Timer" daemon [_thread_blocked, id=8064, stack(0x29120000,0x29170000)]
  0x27a6e000 JavaThread "JmDNS(fe80-0-0-0-798e-36a3-94e3-bcdc-wlan0.local.).Timer" daemon [_thread_blocked, id=7488, stack(0x29090000,0x290e0000)]
  0x27a74800 JavaThread "SocketListener(fe80-0-0-0-798e-36a3-94e3-bcdc-wlan0.local.)" daemon [_thread_in_native, id=8036, stack(0x29000000,0x29050000)]
  0x27a75000 JavaThread "JmDNS(DESKTOP-MUR1A5F.local.).State.Timer" daemon [_thread_blocked, id=10080, stack(0x28e70000,0x28ec0000)]
  0x27a6f800 JavaThread "JmDNS(DESKTOP-MUR1A5F.local.).Timer" daemon [_thread_blocked, id=8300, stack(0x28de0000,0x28e30000)]
  0x27a70400 JavaThread "SocketListener(DESKTOP-MUR1A5F.local.)" daemon [_thread_in_native, id=9340, stack(0x28d50000,0x28da0000)]
  0x27a6d800 JavaThread "JmDNS(168-150-45-45.local.).State.Timer" daemon [_thread_blocked, id=9240, stack(0x28cc0000,0x28d10000)]
  0x27a73c00 JavaThread "JmDNS(168-150-45-45.local.).Timer" daemon [_thread_blocked, id=8352, stack(0x28c30000,0x28c80000)]
  0x27a73800 JavaThread "SocketListener(168-150-45-45.local.)" daemon [_thread_in_native, id=7576, stack(0x28ba0000,0x28bf0000)]
  0x27a68000 JavaThread "JmDNS(DESKTOP-MUR1A5F.local.).State.Timer" daemon [_thread_blocked, id=8876, stack(0x28b10000,0x28b60000)]
  0x27a69800 JavaThread "JmDNS(DESKTOP-MUR1A5F.local.).Timer" daemon [_thread_blocked, id=2056, stack(0x28a80000,0x28ad0000)]
  0x27a69400 JavaThread "SocketListener(DESKTOP-MUR1A5F.local.)" daemon [_thread_in_native, id=6284, stack(0x289f0000,0x28a40000)]
  0x27a68c00 JavaThread "JmDNS(DESKTOP-MUR1A5F.local.).State.Timer" daemon [_thread_blocked, id=9836, stack(0x28960000,0x289b0000)]
  0x27a68800 JavaThread "JmDNS(DESKTOP-MUR1A5F.local.).Timer" daemon [_thread_blocked, id=7080, stack(0x288d0000,0x28920000)]
  0x27a2f400 JavaThread "SocketListener(DESKTOP-MUR1A5F.local.)" daemon [_thread_in_native, id=12080, stack(0x28840000,0x28890000)]
  0x27a67800 JavaThread "JmDNS(DESKTOP-MUR1A5F.local.).State.Timer" daemon [_thread_blocked, id=11804, stack(0x28720000,0x28770000)]
  0x27a67400 JavaThread "JmDNS(DESKTOP-MUR1A5F.local.).Timer" daemon [_thread_blocked, id=872, stack(0x28690000,0x286e0000)]
  0x27a1e000 JavaThread "SocketListener(DESKTOP-MUR1A5F.local.)" daemon [_thread_in_native, id=9264, stack(0x285c0000,0x28610000)]
  0x27a1d000 JavaThread "Multihomed mDNS.Timer" daemon [_thread_blocked, id=9256, stack(0x28410000,0x28460000)]
  0x27a1c800 JavaThread "cc.arduino.packages.discoverers.serial.SerialBoardsLister" [_thread_blocked, id=11736, stack(0x26790000,0x267e0000)]
  0x26335c00 JavaThread "AWT-Windows" daemon [_thread_blocked, id=10176, stack(0x26820000,0x26870000)]
  0x26335000 JavaThread "Java2D Disposer" daemon [_thread_blocked, id=2920, stack(0x26700000,0x26750000)]
  0x258e4800 JavaThread "Service Thread" daemon [_thread_blocked, id=11468, stack(0x25ff0000,0x26040000)]
  0x258c0400 JavaThread "C1 CompilerThread0" daemon [_thread_blocked, id=11184, stack(0x25f60000,0x25fb0000)]
  0x258be800 JavaThread "Attach Listener" daemon [_thread_blocked, id=10736, stack(0x25ed0000,0x25f20000)]
  0x258ad000 JavaThread "Signal Dispatcher" daemon [_thread_blocked, id=10740, stack(0x25e40000,0x25e90000)]
  0x258ab000 JavaThread "Finalizer" daemon [_thread_blocked, id=11544, stack(0x25bc0000,0x25c10000)]
  0x25895000 JavaThread "Reference Handler" daemon [_thread_blocked, id=9372, stack(0x25b30000,0x25b80000)]

Other Threads:
  0x0295ec00 VMThread [stack: 0x25490000,0x254e0000] [id=9288]
  0x258f1000 WatcherThread [stack: 0x26080000,0x260d0000] [id=10444]

VM state:synchronizing (normal execution)

VM Mutex/Monitor currently owned by a thread:  ([mutex/lock_event])
[0x00ffd2a0] Threads_lock - owner thread: 0x0295ec00
[0x00ffcdc0] Heap_lock - owner thread: 0x27a6f000

Heap:
 def new generation   total 157248K, used 157248K [0x04e00000, 0x0f8a0000, 0x0f8a0000)
  eden space 139776K, 100% used [0x04e00000, 0x0d680000, 0x0d680000)
  from space 17472K, 100% used [0x0d680000, 0x0e790000, 0x0e790000)
  to   space 17472K,   0% used [0x0e790000, 0x0e790000, 0x0f8a0000)
 tenured generation   total 349568K, used 349567K [0x0f8a0000, 0x24e00000, 0x24e00000)
   the space 349568K,  99% used [0x0f8a0000, 0x24dffff0, 0x24e00000, 0x24e00000)
 Metaspace       used 19839K, capacity 20289K, committed 20480K, reserved 20864K

Card table byte_map: [0x24e00000,0x24f10000] byte_map_base: 0x24dd9000

Polling page: 0x00f50000

CodeCache: size=32768Kb used=3005Kb max_used=4341Kb free=29762Kb
 bounds [0x02bc0000, 0x03000000, 0x04bc0000]
 total_blobs=1799 nmethods=1516 adapters=210
 compilation: enabled

Compilation events (10 events):
Event: 1019.097 Thread 0x258c0400 4312             javax.swing.TimerQueue$DelayedTimer::getTimer (5 bytes)
Event: 1019.097 Thread 0x258c0400 nmethod 4312 0x02e10188 code [0x02e10280, 0x02e10300]
Event: 1019.097 Thread 0x258c0400 4313             java.util.concurrent.DelayQueue::add (6 bytes)
Event: 1019.098 Thread 0x258c0400 nmethod 4313 0x02e64d08 code [0x02e64e00, 0x02e64e8c]
Event: 1019.411 Thread 0x258c0400 4314             java.util.IdentityHashMap::remove (102 bytes)
Event: 1019.411 Thread 0x258c0400 nmethod 4314 0x02e78888 code [0x02e789a0, 0x02e78b48]
Event: 1019.541 Thread 0x258c0400 4315             java.awt.Component::setBounds (21 bytes)
Event: 1019.541 Thread 0x258c0400 nmethod 4315 0x02e64988 code [0x02e64a90, 0x02e64b3c]
Event: 1019.804 Thread 0x258c0400 4316             java.util.concurrent.locks.ReentrantLock::newCondition (8 bytes)
Event: 1019.804 Thread 0x258c0400 nmethod 4316 0x02e65988 code [0x02e65a80, 0x02e65b50]

GC Heap History (10 events):
Event: 1028.885 GC heap before
{Heap before GC invocations=47 (full 17):
 def new generation   total 157248K, used 157247K [0x04e00000, 0x0f8a0000, 0x0f8a0000)
  eden space 139776K, 100% used [0x04e00000, 0x0d680000, 0x0d680000)
  from space 17472K,  99% used [0x0d680000, 0x0e78ffa0, 0x0e790000)
  to   space 17472K,   0% used [0x0e790000, 0x0e790000, 0x0f8a0000)
 tenured generation   total 349568K, used 349567K [0x0f8a0000, 0x24e00000, 0x24e00000)
   the space 349568K,  99% used [0x0f8a0000, 0x24dffff0, 0x24e00000, 0x24e00000)
 Metaspace       used 19839K, capacity 20289K, committed 20480K, reserved 20864K
Event: 1030.220 GC heap after
Heap after GC invocations=48 (full 18):
 def new generation   total 157248K, used 157234K [0x04e00000, 0x0f8a0000, 0x0f8a0000)
  eden space 139776K,  99% used [0x04e00000, 0x0d67cb88, 0x0d680000)
  from space 17472K,  99% used [0x0d680000, 0x0e78fe70, 0x0e790000)
  to   space 17472K,   0% used [0x0e790000, 0x0e790000, 0x0f8a0000)
 tenured generation   total 349568K, used 349567K [0x0f8a0000, 0x24e00000, 0x24e00000)
   the space 349568K,  99% used [0x0f8a0000, 0x24dffff0, 0x24e00000, 0x24e00000)
 Metaspace       used 19839K, capacity 20289K, committed 20480K, reserved 20864K
}
Event: 1030.221 GC heap before
{Heap before GC invocations=48 (full 18):
 def new generation   total 157248K, used 157247K [0x04e00000, 0x0f8a0000, 0x0f8a0000)
  eden space 139776K, 100% used [0x04e00000, 0x0d680000, 0x0d680000)
  from space 17472K,  99% used [0x0d680000, 0x0e78ffa0, 0x0e790000)
  to   space 17472K,   0% used [0x0e790000, 0x0e790000, 0x0f8a0000)
 tenured generation   total 349568K, used 349567K [0x0f8a0000, 0x24e00000, 0x24e00000)
   the space 349568K,  99% used [0x0f8a0000, 0x24dffff0, 0x24e00000, 0x24e00000)
 Metaspace       used 19839K, capacity 20289K, committed 20480K, reserved 20864K
Event: 1031.555 GC heap after
Heap after GC invocations=49 (full 19):
 def new generation   total 157248K, used 157234K [0x04e00000, 0x0f8a0000, 0x0f8a0000)
  eden space 139776K,  99% used [0x04e00000, 0x0d67cb68, 0x0d680000)
  from space 17472K,  99% used [0x0d680000, 0x0e78fe70, 0x0e790000)
  to   space 17472K,   0% used [0x0e790000, 0x0e790000, 0x0f8a0000)
 tenured generation   total 349568K, used 349567K [0x0f8a0000, 0x24e00000, 0x24e00000)
   the space 349568K,  99% used [0x0f8a0000, 0x24dffff0, 0x24e00000, 0x24e00000)
 Metaspace       used 19839K, capacity 20289K, committed 20480K, reserved 20864K
}
Event: 1031.555 GC heap before
{Heap before GC invocations=49 (full 19):
 def new generation   total 157248K, used 157247K [0x04e00000, 0x0f8a0000, 0x0f8a0000)
  eden space 139776K, 100% used [0x04e00000, 0x0d680000, 0x0d680000)
  from space 17472K,  99% used [0x0d680000, 0x0e78fff8, 0x0e790000)
  to   space 17472K,   0% used [0x0e790000, 0x0e790000, 0x0f8a0000)
 tenured generation   total 349568K, used 349567K [0x0f8a0000, 0x24e00000, 0x24e00000)
   the space 349568K,  99% used [0x0f8a0000, 0x24dffff0, 0x24e00000, 0x24e00000)
 Metaspace       used 19839K, capacity 20289K, committed 20480K, reserved 20864K
Event: 1032.891 GC heap after
Heap after GC invocations=50 (full 20):
 def new generation   total 157248K, used 157226K [0x04e00000, 0x0f8a0000, 0x0f8a0000)
  eden space 139776K,  99% used [0x04e00000, 0x0d67eb08, 0x0d680000)
  from space 17472K,  99% used [0x0d680000, 0x0e78bfb0, 0x0e790000)
  to   space 17472K,   0% used [0x0e790000, 0x0e790000, 0x0f8a0000)
 tenured generation   total 349568K, used 349567K [0x0f8a0000, 0x24e00000, 0x24e00000)
   the space 349568K,  99% used [0x0f8a0000, 0x24dffff0, 0x24e00000, 0x24e00000)
 Metaspace       used 19839K, capacity 20289K, committed 20480K, reserved 20864K
}
Event: 1032.892 GC heap before
{Heap before GC invocations=50 (full 20):
 def new generation   total 157248K, used 157233K [0x04e00000, 0x0f8a0000, 0x0f8a0000)
  eden space 139776K, 100% used [0x04e00000, 0x0d680000, 0x0d680000)
  from space 17472K,  99% used [0x0d680000, 0x0e78c698, 0x0e790000)
  to   space 17472K,   0% used [0x0e790000, 0x0e790000, 0x0f8a0000)
 tenured generation   total 349568K, used 349567K [0x0f8a0000, 0x24e00000, 0x24e00000)
   the space 349568K,  99% used [0x0f8a0000, 0x24dffff0, 0x24e00000, 0x24e00000)
 Metaspace       used 19839K, capacity 20289K, committed 20480K, reserved 20864K
Event: 1034.222 GC heap after
Heap after GC invocations=51 (full 21):
 def new generation   total 157248K, used 157231K [0x04e00000, 0x0f8a0000, 0x0f8a0000)
  eden space 139776K,  99% used [0x04e00000, 0x0d67f950, 0x0d680000)
  from space 17472K,  99% used [0x0d680000, 0x0e78c680, 0x0e790000)
  to   space 17472K,   0% used [0x0e790000, 0x0e790000, 0x0f8a0000)
 tenured generation   total 349568K, used 349567K [0x0f8a0000, 0x24e00000, 0x24e00000)
   the space 349568K,  99% used [0x0f8a0000, 0x24dffff0, 0x24e00000, 0x24e00000)
 Metaspace       used 19839K, capacity 20289K, committed 20480K, reserved 20864K
}
Event: 1034.222 GC heap before
{Heap before GC invocations=51 (full 21):
 def new generation   total 157248K, used 157231K [0x04e00000, 0x0f8a0000, 0x0f8a0000)
  eden space 139776K,  99% used [0x04e00000, 0x0d67f950, 0x0d680000)
  from space 17472K,  99% used [0x0d680000, 0x0e78c680, 0x0e790000)
  to   space 17472K,   0% used [0x0e790000, 0x0e790000, 0x0f8a0000)
 tenured generation   total 349568K, used 349567K [0x0f8a0000, 0x24e00000, 0x24e00000)
   the space 349568K,  99% used [0x0f8a0000, 0x24dffff0, 0x24e00000, 0x24e00000)
 Metaspace       used 19839K, capacity 20289K, committed 20480K, reserved 20864K
Event: 1035.563 GC heap after
Heap after GC invocations=52 (full 22):
 def new generation   total 157248K, used 157231K [0x04e00000, 0x0f8a0000, 0x0f8a0000)
  eden space 139776K,  99% used [0x04e00000, 0x0d67f950, 0x0d680000)
  from space 17472K,  99% used [0x0d680000, 0x0e78c680, 0x0e790000)
  to   space 17472K,   0% used [0x0e790000, 0x0e790000, 0x0f8a0000)
 tenured generation   total 349568K, used 349567K [0x0f8a0000, 0x24e00000, 0x24e00000)
   the space 349568K,  99% used [0x0f8a0000, 0x24dffff0, 0x24e00000, 0x24e00000)
 Metaspace       used 19839K, capacity 20289K, committed 20480K, reserved 20864K
}

Deoptimization events (0 events):
No events

Internal exceptions (10 events):
Event: 1002.070 Thread 0x27a71000 Exception <a 'sun/nio/fs/WindowsException'> (0x09fff0c8) thrown at [C:\workspace\8-2-build-windows-i586-cygwin\jdk8u144\9417\hotspot\src\share\vm\prims\jni.cpp, line 709]
Event: 1002.072 Thread 0x27a71000 Exception <a 'sun/nio/fs/WindowsException'> (0x0a00bb40) thrown at [C:\workspace\8-2-build-windows-i586-cygwin\jdk8u144\9417\hotspot\src\share\vm\prims\jni.cpp, line 709]
Event: 1002.072 Thread 0x27a71000 Exception <a 'sun/nio/fs/WindowsException'> (0x0a00c160) thrown at [C:\workspace\8-2-build-windows-i586-cygwin\jdk8u144\9417\hotspot\src\share\vm\prims\jni.cpp, line 709]
Event: 1002.074 Thread 0x27a71000 Exception <a 'sun/nio/fs/WindowsException'> (0x0a019420) thrown at [C:\workspace\8-2-build-windows-i586-cygwin\jdk8u144\9417\hotspot\src\share\vm\prims\jni.cpp, line 709]
Event: 1002.074 Thread 0x27a71000 Exception <a 'sun/nio/fs/WindowsException'> (0x0a019a68) thrown at [C:\workspace\8-2-build-windows-i586-cygwin\jdk8u144\9417\hotspot\src\share\vm\prims\jni.cpp, line 709]
Event: 1002.076 Thread 0x27a71000 Exception <a 'sun/nio/fs/WindowsException'> (0x0a025890) thrown at [C:\workspace\8-2-build-windows-i586-cygwin\jdk8u144\9417\hotspot\src\share\vm\prims\jni.cpp, line 709]
Event: 1002.076 Thread 0x27a71000 Exception <a 'sun/nio/fs/WindowsException'> (0x0a025e88) thrown at [C:\workspace\8-2-build-windows-i586-cygwin\jdk8u144\9417\hotspot\src\share\vm\prims\jni.cpp, line 709]
Event: 1002.079 Thread 0x27a71000 Exception <a 'sun/nio/fs/WindowsException'> (0x0a032170) thrown at [C:\workspace\8-2-build-windows-i586-cygwin\jdk8u144\9417\hotspot\src\share\vm\prims\jni.cpp, line 709]
Event: 1002.079 Thread 0x27a71000 Exception <a 'sun/nio/fs/WindowsException'> (0x0a032808) thrown at [C:\workspace\8-2-build-windows-i586-cygwin\jdk8u144\9417\hotspot\src\share\vm\prims\jni.cpp, line 709]
Event: 1035.563 Thread 0x27a72400 Exception <a 'java/lang/OutOfMemoryError'> (0x0f931c80) thrown at [C:\workspace\8-2-build-windows-i586-cygwin\jdk8u144\9417\hotspot\src\share\vm\gc_interface/collectedHeap.inline.hpp, line 159]

Events (10 events):
Event: 1027.548 Executing VM operation: GenCollectForAllocation
Event: 1028.885 Executing VM operation: GenCollectForAllocation done
Event: 1028.885 Executing VM operation: GenCollectForAllocation
Event: 1030.220 Executing VM operation: GenCollectForAllocation done
Event: 1030.221 Executing VM operation: GenCollectForAllocation
Event: 1031.555 Executing VM operation: GenCollectForAllocation done
Event: 1031.555 Executing VM operation: GenCollectForAllocation
Event: 1032.891 Executing VM operation: GenCollectForAllocation done
Event: 1032.891 Executing VM operation: GenCollectForAllocation
Event: 1035.563 Executing VM operation: GenCollectForAllocation done


Dynamic libraries:
0x00d70000 - 0x00da3000 	C:\Program Files (x86)\Arduino\java\bin\javaw.exe
0x771a0000 - 0x77323000 	C:\WINDOWS\SYSTEM32\ntdll.dll
0x73dd0000 - 0x73eb0000 	C:\WINDOWS\System32\KERNEL32.DLL
0x76f90000 - 0x77131000 	C:\WINDOWS\System32\KERNELBASE.dll
0x74d80000 - 0x74df7000 	C:\WINDOWS\System32\ADVAPI32.dll
0x74940000 - 0x749fe000 	C:\WINDOWS\System32\msvcrt.dll
0x74f20000 - 0x74f61000 	C:\WINDOWS\System32\sechost.dll
0x73d00000 - 0x73dc1000 	C:\WINDOWS\System32\RPCRT4.dll
0x73c60000 - 0x73c7f000 	C:\WINDOWS\System32\SspiCli.dll
0x73c50000 - 0x73c5a000 	C:\WINDOWS\System32\CRYPTBASE.dll
0x75380000 - 0x753da000 	C:\WINDOWS\System32\bcryptPrimitives.dll
0x76d30000 - 0x76e8f000 	C:\WINDOWS\System32\USER32.dll
0x76d10000 - 0x76d25000 	C:\WINDOWS\System32\win32u.dll
0x73cd0000 - 0x73cfb000 	C:\WINDOWS\System32\GDI32.dll
0x74ae0000 - 0x74c3a000 	C:\WINDOWS\System32\gdi32full.dll
0x6c8a0000 - 0x6caaa000 	C:\WINDOWS\WinSxS\x86_microsoft.windows.common-controls_6595b64144ccf1df_6.0.14393.953_none_89c2555adb023171\COMCTL32.dll
0x74640000 - 0x74852000 	C:\WINDOWS\System32\combase.dll
0x74a00000 - 0x74ae0000 	C:\WINDOWS\System32\ucrtbase.dll
0x74900000 - 0x74925000 	C:\WINDOWS\System32\IMM32.DLL
0x6df00000 - 0x6dfbf000 	C:\Program Files (x86)\Arduino\java\bin\msvcr100.dll
0x6d990000 - 0x6dd5e000 	C:\Program Files (x86)\Arduino\java\bin\client\jvm.dll
0x76c80000 - 0x76c86000 	C:\WINDOWS\System32\PSAPI.DLL
0x72d30000 - 0x72d54000 	C:\WINDOWS\SYSTEM32\WINMM.dll
0x71f50000 - 0x71f58000 	C:\WINDOWS\SYSTEM32\WSOCK32.dll
0x734f0000 - 0x734f8000 	C:\WINDOWS\SYSTEM32\VERSION.dll
0x76c90000 - 0x76cf3000 	C:\WINDOWS\System32\WS2_32.dll
0x726b0000 - 0x726d3000 	C:\WINDOWS\SYSTEM32\WINMMBASE.dll
0x73eb0000 - 0x73ee6000 	C:\WINDOWS\System32\cfgmgr32.dll
0x6ded0000 - 0x6df00000 	C:\Program Files (x86)\Arduino\java\bin\splashscreen.dll
0x73500000 - 0x73575000 	C:\WINDOWS\system32\uxtheme.dll
0x6dec0000 - 0x6decc000 	C:\Program Files (x86)\Arduino\java\bin\verify.dll
0x753e0000 - 0x75515000 	C:\WINDOWS\System32\MSCTF.dll
0x74860000 - 0x748f4000 	C:\WINDOWS\System32\OLEAUT32.dll
0x74ea0000 - 0x74f1b000 	C:\WINDOWS\System32\msvcp_win.dll
0x6d960000 - 0x6d981000 	C:\Program Files (x86)\Arduino\java\bin\java.dll
0x6f120000 - 0x6f19b000 	C:\Program Files (x86)\Common Files\Microsoft Shared\Ink\tiptsf.dll
0x6d940000 - 0x6d953000 	C:\Program Files (x86)\Arduino\java\bin\zip.dll
0x75520000 - 0x7552d000 	C:\WINDOWS\System32\kernel.appcore.dll
0x75700000 - 0x75784000 	C:\WINDOWS\System32\clbcatq.dll
0x6d7e0000 - 0x6d932000 	C:\Windows\System32\uiautomationcore.dll
0x734d0000 - 0x734ea000 	C:\Windows\System32\USERENV.dll
0x76e90000 - 0x76e9f000 	C:\WINDOWS\System32\profapi.dll
0x6e830000 - 0x6e8b1000 	C:\WINDOWS\SYSTEM32\sxs.dll
0x73470000 - 0x734c4000 	C:\Windows\System32\OLEACC.dll
0x6d5d0000 - 0x6d63c000 	C:\WINDOWS\SYSTEM32\twinapi.dll
0x76f00000 - 0x76f88000 	C:\WINDOWS\System32\shcore.dll
0x6e040000 - 0x6e131000 	C:\WINDOWS\SYSTEM32\twinapi.appcore.dll
0x726e0000 - 0x726fb000 	C:\WINDOWS\SYSTEM32\bcrypt.dll
0x75790000 - 0x76b69000 	C:\WINDOWS\System32\SHELL32.dll
0x73ef0000 - 0x7445e000 	C:\WINDOWS\System32\windows.storage.dll
0x73c80000 - 0x73cc5000 	C:\WINDOWS\System32\powrprof.dll
0x74c40000 - 0x74c86000 	C:\WINDOWS\System32\shlwapi.dll
0x76b70000 - 0x76c5c000 	C:\WINDOWS\System32\ole32.dll
0x61940000 - 0x619b2000 	C:\Program Files (x86)\Arduino\lib\listSerialsj.dll
0x74f70000 - 0x7537b000 	C:\WINDOWS\System32\SETUPAPI.dll
0x6d7c0000 - 0x6d7dd000 	C:\Program Files (x86)\Arduino\lib\jnidispatch-4.2.2-win32-x86.dll
0x6d5b0000 - 0x6d5c6000 	C:\Program Files (x86)\Arduino\java\bin\net.dll
0x72260000 - 0x722ae000 	C:\WINDOWS\system32\mswsock.dll
0x6deb0000 - 0x6debf000 	C:\Program Files (x86)\Arduino\java\bin\nio.dll
0x6d290000 - 0x6d3d5000 	C:\Program Files (x86)\Arduino\java\bin\awt.dll
0x6d1f0000 - 0x6d282000 	C:\WINDOWS\SYSTEM32\apphelp.dll
0x6e590000 - 0x6e5af000 	C:\WINDOWS\system32\dwmapi.dll
0x6d570000 - 0x6d5a9000 	C:\Program Files (x86)\Arduino\java\bin\fontmanager.dll
0x6a2a0000 - 0x6a380000 	C:\WINDOWS\system32\opengl32.dll
0x6a1b0000 - 0x6a29d000 	C:\WINDOWS\SYSTEM32\DDRAW.dll
0x6a180000 - 0x6a1a5000 	C:\WINDOWS\SYSTEM32\GLU32.dll
0x6d1e0000 - 0x6d1e7000 	C:\WINDOWS\SYSTEM32\DCIMAN32.dll
0x6a140000 - 0x6a172000 	C:\Program Files (x86)\Arduino\java\bin\t2k.dll
0x71830000 - 0x71852000 	C:\WINDOWS\SYSTEM32\DEVOBJ.dll
0x756a0000 - 0x756e4000 	C:\WINDOWS\System32\WINTRUST.dll
0x74930000 - 0x7493e000 	C:\WINDOWS\System32\MSASN1.dll
0x744c0000 - 0x7463d000 	C:\WINDOWS\System32\CRYPT32.dll
0x73a80000 - 0x73aaf000 	C:\WINDOWS\SYSTEM32\IPHLPAPI.DLL
0x76d00000 - 0x76d07000 	C:\WINDOWS\System32\NSI.dll
0x6f430000 - 0x6f443000 	C:\WINDOWS\SYSTEM32\dhcpcsvc6.DLL
0x6f410000 - 0x6f424000 	C:\WINDOWS\SYSTEM32\dhcpcsvc.DLL
0x73a00000 - 0x73a7d000 	C:\WINDOWS\SYSTEM32\DNSAPI.dll
0x6a410000 - 0x6a431000 	C:\Program Files (x86)\Bonjour\mdnsNSP.dll
0x6f580000 - 0x6f588000 	C:\Windows\System32\rasadhlp.dll
0x6f530000 - 0x6f579000 	C:\WINDOWS\System32\fwpuclnt.dll
0x6a0d0000 - 0x6a139000 	C:\Program Files (x86)\Arduino\msvcp100.dll
0x6a010000 - 0x6a0ce000 	C:\Program Files (x86)\Arduino\msvcr100.dll
0x29300000 - 0x29332000 	C:\Program Files (x86)\Arduino\lib\AStylej.dll
0x69fe0000 - 0x6a004000 	C:\Program Files (x86)\Arduino\java\bin\dcpr.dll
0x6aab0000 - 0x6ac1e000 	C:\WINDOWS\SYSTEM32\WindowsCodecs.dll
0x69f90000 - 0x69fd4000 	C:\WINDOWS\system32\dataexchange.dll
0x69e70000 - 0x69f83000 	C:\WINDOWS\system32\dcomp.dll
0x69c40000 - 0x69e70000 	C:\WINDOWS\system32\d3d11.dll
0x69bb0000 - 0x69c33000 	C:\WINDOWS\system32\dxgi.dll
0x69780000 - 0x69814000 	C:\WINDOWS\WinSxS\x86_microsoft.windows.common-controls_6595b64144ccf1df_5.82.14393.447_none_5507ded2cb4f7f4c\comctl32.dll
0x72240000 - 0x72253000 	C:\WINDOWS\SYSTEM32\CRYPTSP.dll
0x72200000 - 0x7222f000 	C:\WINDOWS\system32\rsaenh.dll
0x69ad0000 - 0x69b1e000 	C:\WINDOWS\system32\Ninput.dll
0x64000000 - 0x6401b000 	C:\Program Files (x86)\Arduino\lib\jSSC-2.8_x86.dll
0x6af90000 - 0x6b0d5000 	C:\WINDOWS\SYSTEM32\dbghelp.dll

VM Arguments:
jvm_args: -Dsun.java2d.d3d=false -Djna.nosys=true -Djna.nounpack=true -Djna.boot.library.name=jnidispatch-4.2.2-win32-x86 -Djna.boot.library.path=C:\Program Files (x86)\Arduino/lib -Djssc.library.path=C:\Program Files (x86)\Arduino/lib -DAPP_DIR=C:\Program Files (x86)\Arduino -Xms128M -Xmx512M 
java_command: processing.app.Base C:\Users\sezah\waste-buster\conveyor\encoder.ino
java_class_path (initial): C:\Program Files (x86)\Arduino\lib\apple.jar;C:\Program Files (x86)\Arduino\lib\arduino-core.jar;C:\Program Files (x86)\Arduino\lib\batik-1.8.jar;C:\Program Files (x86)\Arduino\lib\batik-anim-1.8.jar;C:\Program Files (x86)\Arduino\lib\batik-awt-util-1.8.jar;C:\Program Files (x86)\Arduino\lib\batik-bridge-1.8.jar;C:\Program Files (x86)\Arduino\lib\batik-codec-1.8.jar;C:\Program Files (x86)\Arduino\lib\batik-css-1.8.jar;C:\Program Files (x86)\Arduino\lib\batik-dom-1.8.jar;C:\Program Files (x86)\Arduino\lib\batik-ext-1.8.jar;C:\Program Files (x86)\Arduino\lib\batik-gvt-1.8.jar;C:\Program Files (x86)\Arduino\lib\batik-parser-1.8.jar;C:\Program Files (x86)\Arduino\lib\batik-rasterizer-1.8.jar;C:\Program Files (x86)\Arduino\lib\batik-script-1.8.jar;C:\Program Files (x86)\Arduino\lib\batik-squiggle-1.8.jar;C:\Program Files (x86)\Arduino\lib\batik-svg-dom-1.8.jar;C:\Program Files (x86)\Arduino\lib\batik-svgpp-1.8.jar;C:\Program Files (x86)\Arduino\lib\batik-transcoder-1.8.jar;C:\Program Files (x86)\Arduino\lib\batik-util-1.8.jar;C:\Program Files (x86)\Arduino\lib\batik-xml-1.8.jar;C:\Program Files (x86)\Arduino\lib\bcpg-jdk15on-152.jar;C:\Program Files (x86)\Arduino\lib\bcprov-jdk15on-152.jar;C:\Program Files (x86)\Arduino\lib\commons-codec-1.7.jar;C:\Program Files (x86)\Arduino\lib\commons-compress-1.8.jar;C:\Program Files (x86)\Arduino\lib\commons-exec-1.1.jar;C:\Program Files (x86)\Arduino\lib\commons-httpclient-3.1.jar;C:\Program Files (x86)\Arduino\lib\commons-lang3-3.3.2.jar;C:\Program Files (x86)\Arduino\lib\commons-logging-1.0.4.jar;C:\Program Files (x86)\Arduino\lib\commons-net-3.3.jar;C:\Program Files (x86)\Arduino\lib\jackson-annotations-2.6.3.jar;C:\Program Files (x86)\Arduino\lib\jackson-core-2.6.3.jar;C:\Program Files (x86)\Arduino\lib\jackson-databind-2.6.3.jar;C:\Program Files (x86)\Arduino\lib\jackson-module-mrbean-2.6.3.jar;C:\Program Files (x86)\Arduino\lib\java-semver-0.8.0.jar;C:\Program Files (x86)\Arduino\lib\jmdns-3.5.1.j
Launcher Type: SUN_STANDARD

Environment Variables:
PATH=C:\WINDOWS\system32;C:\WINDOWS;C:\WINDOWS\System32\Wbem;C:\WINDOWS\System32\WindowsPowerShell\v1.0\;C:\WINDOWS\system32\config\systemprofile\.dnx\bin;C:\Program Files\Microsoft DNX\Dnvm\;C:\Program Files\Microsoft SQL Server\130\Tools\Binn\;C:\Program Files\Rust stable GNU 1.12\bin;C:\Program Files (x86)\MiKTeX 2.9\miktex\bin\;C:\Program Files (x86)\Windows Kits\10\Windows Performance Toolkit\;C:\MinGW\bin;C:\Program Files\doxygen\bin;C:\Users\sezah\Python\Python36-32;C:\Program Files (x86)\Brackets\command;C:\Program Files\PuTTY\;C:\Program Files\nodejs\;C:\Users\sezah\.dnx\bin;C:\Program Files (x86)\Java\jdk1.8.0_121\bin;C:\Program Files (x86)\clisp-2.49;C:\Users\sezah\AppData\Local\atom\bin;C:\Users\sezah\AppData\Local\now-cli;C:\Users\sezah\AppData\Roaming\npm;C:\Program Files (x86)\Arduino\java\bin
USERNAME=sezah
OS=Windows_NT
PROCESSOR_IDENTIFIER=Intel64 Family 6 Model 69 Stepping 1, GenuineIntel



---------------  S Y S T E M  ---------------

OS: Windows 10.0 , 64 bit Build 14393 (10.0.14393.2189)

CPU:total 4 (initial active 4) (2 cores per cpu, 2 threads per core) family 6 model 69 stepping 1, cmov, cx8, fxsr, mmx, sse, sse2, sse3, ssse3, sse4.1, sse4.2, popcnt, avx, avx2, aes, clmul, erms, lzcnt, ht, tsc, tscinvbit, bmi1, bmi2

Memory: 4k page, physical 4097068k(748580k free), swap 6704908k(199004k free)

vm_info: Java HotSpot(TM) Client VM (25.144-b01) for windows-x86 JRE (1.8.0_144-b01), built on Jul 21 2017 21:58:05 by "java_re" with MS VC++ 10.0 (VS2010)

time: Mon May 14 18:17:49 2018
elapsed time: 1035 seconds (0d 0h 17m 15s)

